Build started 2016-01-24 15:51:53.
     1>Project "C:\Users\Orange\Desktop\emilkowo\SpaceInvGL\GKOM_GRA\GKOM_GRA.vcxproj" on node 2 (Build target(s)).
     1>ClCompile:
         C:\Program Files (x86)\Microsoft Visual Studio 14.0\VC\bin\CL.exe /c /IC:\Users\Orange\Desktop\emilkowo\SpaceInvGL\freeglut\include /ZI /nologo /W3 /WX- /Od /Oy- /D WIN32 /D _DEBUG /D _CONSOLE /D _UNICODE /D UNICODE /Gm /EHsc /RTC1 /MDd /GS /fp:precise /Zc:wchar_t /Zc:forScope /Zc:inline /Fo"Debug\\" /Fd"Debug\vc140.pdb" /Gd /TP /analyze- /errorReport:prompt AlienManager.cpp Camera.cpp GameState.cpp GuiRenderer.cpp Input.cpp alien.cpp bullet.cpp main.cpp player.cpp world.cpp
         world.cpp
     1>c:\users\orange\desktop\emilkowo\spaceinvgl\gkom_gra\world.cpp(38): warning C4244: 'argument': conversion from 'const int' to 'GLfloat', possible loss of data
     1>c:\users\orange\desktop\emilkowo\spaceinvgl\gkom_gra\world.cpp(39): warning C4244: 'argument': conversion from 'const int' to 'GLfloat', possible loss of data
         player.cpp
         main.cpp
     1>c:\users\orange\desktop\emilkowo\spaceinvgl\gkom_gra\input.hpp(12): warning C4244: 'return': conversion from 'int' to 'float', possible loss of data
     1>c:\users\orange\desktop\emilkowo\spaceinvgl\gkom_gra\main.cpp(24): warning C4244: 'argument': conversion from 'time_t' to 'unsigned int', possible loss of data
         Input.cpp
     1>c:\users\orange\desktop\emilkowo\spaceinvgl\gkom_gra\input.hpp(12): warning C4244: 'return': conversion from 'int' to 'float', possible loss of data
     1>c:\users\orange\desktop\emilkowo\spaceinvgl\gkom_gra\input.cpp(57): warning C4244: '=': conversion from 'float' to 'int', possible loss of data
     1>c:\users\orange\desktop\emilkowo\spaceinvgl\gkom_gra\input.cpp(60): warning C4244: '=': conversion from 'float' to 'int', possible loss of data
     1>c:\users\orange\desktop\emilkowo\spaceinvgl\gkom_gra\input.cpp(65): warning C4244: '=': conversion from 'float' to 'int', possible loss of data
     1>c:\users\orange\desktop\emilkowo\spaceinvgl\gkom_gra\input.cpp(68): warning C4244: '=': conversion from 'float' to 'int', possible loss of data
     1>c:\users\orange\desktop\emilkowo\spaceinvgl\gkom_gra\input.cpp(89): warning C4244: '=': conversion from 'int' to 'float', possible loss of data
     1>c:\users\orange\desktop\emilkowo\spaceinvgl\gkom_gra\input.cpp(93): warning C4244: '=': conversion from 'int' to 'float', possible loss of data
         GuiRenderer.cpp
     1>c:\users\orange\desktop\emilkowo\spaceinvgl\gkom_gra\guirenderer.cpp(10): warning C4244: 'argument': conversion from 'int' to 'GLfloat', possible loss of data
     1>c:\users\orange\desktop\emilkowo\spaceinvgl\gkom_gra\guirenderer.cpp(22): warning C4244: 'argument': conversion from 'int' to 'GLfloat', possible loss of data
     1>c:\users\orange\desktop\emilkowo\spaceinvgl\gkom_gra\guirenderer.cpp(22): warning C4244: 'argument': conversion from 'size_t' to 'GLfloat', possible loss of data
         GameState.cpp
     1>c:\users\orange\desktop\emilkowo\spaceinvgl\gkom_gra\input.hpp(12): warning C4244: 'return': conversion from 'int' to 'float', possible loss of data
     1>c:\users\orange\desktop\emilkowo\spaceinvgl\gkom_gra\gamestate.cpp(45): warning C4244: 'argument': conversion from 'float' to 'int', possible loss of data
         Generating Code...
         Compiling...
         bullet.cpp
         alien.cpp
     1>c:\users\orange\desktop\emilkowo\spaceinvgl\gkom_gra\alien.cpp(58): warning C4244: 'initializing': conversion from 'double' to 'float', possible loss of data
         Camera.cpp
         AlienManager.cpp
     1>c:\users\orange\desktop\emilkowo\spaceinvgl\gkom_gra\alienmanager.cpp(14): warning C4244: '=': conversion from 'float' to 'int', possible loss of data
         Generating Code...
       Link:
         C:\Program Files (x86)\Microsoft Visual Studio 14.0\VC\bin\link.exe /ERRORREPORT:PROMPT /OUT:"C:\Users\Orange\Desktop\emilkowo\SpaceInvGL\Debug\GKOM_GRA.exe" /INCREMENTAL /NOLOGO /LIBPATH:C:\Users\Orange\Desktop\emilkowo\SpaceInvGL\freeglut\lib freeglut.lib kernel32.lib user32.lib gdi32.lib winspool.lib comdlg32.lib advapi32.lib shell32.lib ole32.lib oleaut32.lib uuid.lib odbc32.lib odbccp32.lib /MANIFEST /MANIFESTUAC:"level='asInvoker' uiAccess='false'" /manifest:embed /Debug /PDB:"C:\Users\Orange\Desktop\emilkowo\SpaceInvGL\Debug\GKOM_GRA.pdb" /SUBSYSTEM:CONSOLE /TLBID:1 /DYNAMICBASE /NXCOMPAT /IMPLIB:"C:\Users\Orange\Desktop\emilkowo\SpaceInvGL\Debug\GKOM_GRA.lib" /MACHINE:X86 /SAFESEH Debug\AlienManager.obj
         Debug\bullet.obj
         Debug\Camera.obj
         Debug\GameState.obj
         Debug\GuiRenderer.obj
         Debug\Input.obj
         Debug\main.obj
         Debug\player.obj
         Debug\alien.obj
         Debug\texLoader.obj
         Debug\world.obj
     1>AlienManager.obj : warning LNK4075: ignoring '/EDITANDCONTINUE' due to '/SAFESEH' specification
         GKOM_GRA.vcxproj -> C:\Users\Orange\Desktop\emilkowo\SpaceInvGL\Debug\GKOM_GRA.exe
     1>Done Building Project "C:\Users\Orange\Desktop\emilkowo\SpaceInvGL\GKOM_GRA\GKOM_GRA.vcxproj" (Build target(s)).

Build succeeded.

Time Elapsed 00:00:07.75
