e:\projekty\studiamgr\gkom\gkom_gra\gkom_gra\debug\vc140.pdb
e:\projekty\studiamgr\gkom\gkom_gra\gkom_gra\debug\vc140.idb
e:\projekty\studiamgr\gkom\gkom_gra\gkom_gra\debug\alienmanager.obj
e:\projekty\studiamgr\gkom\gkom_gra\gkom_gra\debug\bullet.obj
e:\projekty\studiamgr\gkom\gkom_gra\gkom_gra\debug\camera.obj
e:\projekty\studiamgr\gkom\gkom_gra\gkom_gra\debug\gamestate.obj
e:\projekty\studiamgr\gkom\gkom_gra\gkom_gra\debug\input.obj
e:\projekty\studiamgr\gkom\gkom_gra\gkom_gra\debug\main.obj
e:\projekty\studiamgr\gkom\gkom_gra\gkom_gra\debug\player.obj
e:\projekty\studiamgr\gkom\gkom_gra\gkom_gra\debug\alien.obj
e:\projekty\studiamgr\gkom\gkom_gra\gkom_gra\debug\texloader.obj
e:\projekty\studiamgr\gkom\gkom_gra\gkom_gra\debug\world.obj
e:\projekty\studiamgr\gkom\gkom_gra\gkom_gra\debug\guirenderer.obj
e:\projekty\studiamgr\gkom\spaceinvgl\gkom_gra\debug\vc140.pdb
e:\projekty\studiamgr\gkom\spaceinvgl\gkom_gra\debug\vc140.idb
e:\projekty\studiamgr\gkom\spaceinvgl\gkom_gra\debug\alienmanager.obj
e:\projekty\studiamgr\gkom\spaceinvgl\gkom_gra\debug\bullet.obj
e:\projekty\studiamgr\gkom\spaceinvgl\gkom_gra\debug\camera.obj
e:\projekty\studiamgr\gkom\spaceinvgl\gkom_gra\debug\gamestate.obj
e:\projekty\studiamgr\gkom\spaceinvgl\gkom_gra\debug\guirenderer.obj
e:\projekty\studiamgr\gkom\spaceinvgl\gkom_gra\debug\input.obj
e:\projekty\studiamgr\gkom\spaceinvgl\gkom_gra\debug\main.obj
e:\projekty\studiamgr\gkom\spaceinvgl\gkom_gra\debug\player.obj
e:\projekty\studiamgr\gkom\spaceinvgl\gkom_gra\debug\alien.obj
e:\projekty\studiamgr\gkom\spaceinvgl\gkom_gra\debug\texloader.obj
e:\projekty\studiamgr\gkom\spaceinvgl\gkom_gra\debug\world.obj
c:\users\orange\desktop\emilkowo\spaceinvgl\gkom_gra\debug\vc140.pdb
c:\users\orange\desktop\emilkowo\spaceinvgl\gkom_gra\debug\vc140.idb
c:\users\orange\desktop\emilkowo\spaceinvgl\gkom_gra\debug\alienmanager.obj
c:\users\orange\desktop\emilkowo\spaceinvgl\gkom_gra\debug\bullet.obj
c:\users\orange\desktop\emilkowo\spaceinvgl\gkom_gra\debug\camera.obj
c:\users\orange\desktop\emilkowo\spaceinvgl\gkom_gra\debug\gamestate.obj
c:\users\orange\desktop\emilkowo\spaceinvgl\gkom_gra\debug\guirenderer.obj
c:\users\orange\desktop\emilkowo\spaceinvgl\gkom_gra\debug\input.obj
c:\users\orange\desktop\emilkowo\spaceinvgl\gkom_gra\debug\main.obj
c:\users\orange\desktop\emilkowo\spaceinvgl\gkom_gra\debug\player.obj
c:\users\orange\desktop\emilkowo\spaceinvgl\gkom_gra\debug\alien.obj
c:\users\orange\desktop\emilkowo\spaceinvgl\gkom_gra\debug\texloader.obj
c:\users\orange\desktop\emilkowo\spaceinvgl\gkom_gra\debug\world.obj
e:\projekty\studiamgr\gkom\gkom_gra\debug\gkom_gra.ilk
e:\projekty\studiamgr\gkom\gkom_gra\debug\gkom_gra.exe
e:\projekty\studiamgr\gkom\gkom_gra\debug\gkom_gra.pdb
e:\projekty\studiamgr\gkom\spaceinvgl\debug\gkom_gra.ilk
e:\projekty\studiamgr\gkom\spaceinvgl\debug\gkom_gra.exe
e:\projekty\studiamgr\gkom\spaceinvgl\debug\gkom_gra.pdb
c:\users\orange\desktop\emilkowo\spaceinvgl\debug\gkom_gra.pdb
c:\users\orange\desktop\emilkowo\spaceinvgl\gkom_gra\debug\gkom_gra.tlog\cl.command.1.tlog
c:\users\orange\desktop\emilkowo\spaceinvgl\gkom_gra\debug\gkom_gra.tlog\cl.read.1.tlog
c:\users\orange\desktop\emilkowo\spaceinvgl\gkom_gra\debug\gkom_gra.tlog\cl.write.1.tlog
c:\users\orange\desktop\emilkowo\spaceinvgl\gkom_gra\debug\gkom_gra.tlog\link.command.1.tlog
c:\users\orange\desktop\emilkowo\spaceinvgl\gkom_gra\debug\gkom_gra.tlog\link.read.1.tlog
c:\users\orange\desktop\emilkowo\spaceinvgl\gkom_gra\debug\gkom_gra.tlog\link.write.1.tlog
